[0.013s] Invoking command in '/home/hiroaki-k4/my_project/ros2/dev_ws/build/cpp_pubsub': CMAKE_PREFIX_PATH=${CMAKE_PREFIX_PATH}:/opt/ros/foxy LD_LIBRARY_PATH=/home/hiroaki-k4/my_project/ros2/dev_ws/install/tutorial_interfaces/lib:/home/hiroaki-k4/my_project/ros2/dev_ws/install/turtlesim/lib:/usr/local/cuda-11.0/lib64:/opt/ros/foxy/opt/yaml_cpp_vendor/lib:/opt/ros/foxy/opt/rviz_ogre_vendor/lib:/opt/ros/foxy/lib/x86_64-linux-gnu:/opt/ros/foxy/lib:/usr/local/cuda-11.0/lib64 /usr/bin/cmake --build /home/hiroaki-k4/my_project/ros2/dev_ws/build/cpp_pubsub -- -j16 -l16
[0.047s] [35m[1mScanning dependencies of target talker[0m
[0.065s] [ 50%] Built target listener
[0.362s] [ 75%] [32mBuilding CXX object CMakeFiles/talker.dir/src/publisher_member_function.cpp.o[0m
[1.193s] [01m[K/home/hiroaki-k4/my_project/ros2/dev_ws/src/cpp_pubsub/src/publisher_member_function.cpp:49:21:[m[K [01;31m[Kerror: [m[Kâ€˜[01m[Kstd_msgs[m[Kâ€™ was not declared in this scope
[1.193s]    49 |   rclcpp::Publisher<[01;31m[Kstd_msgs[m[K::msg::String>::SharedPtr publisher_;
[1.193s]       |                     [01;31m[K^~~~~~~~[m[K
[1.193s] [01m[K/home/hiroaki-k4/my_project/ros2/dev_ws/src/cpp_pubsub/src/publisher_member_function.cpp:49:42:[m[K [01;31m[Kerror: [m[Ktemplate argument 1 is invalid
[1.193s]    49 |   rclcpp::Publisher<std_msgs::msg::String[01;31m[K>[m[K::SharedPtr publisher_;
[1.193s]       |                                          [01;31m[K^[m[K
[1.194s] [01m[K/home/hiroaki-k4/my_project/ros2/dev_ws/src/cpp_pubsub/src/publisher_member_function.cpp:49:45:[m[K [01;31m[Kerror: [m[Kexpected â€˜[01m[K;[m[Kâ€™ at end of member declaration
[1.194s]    49 |   rclcpp::Publisher<std_msgs::msg::String>::[01;31m[KSharedPtr[m[K publisher_;
[1.194s]       |                                             [01;31m[K^~~~~~~~~[m[K
[1.194s]       |                                                      [32m[K;[m[K
[1.194s] [01m[K/home/hiroaki-k4/my_project/ros2/dev_ws/src/cpp_pubsub/src/publisher_member_function.cpp:49:55:[m[K [01;31m[Kerror: [m[Kâ€˜[01m[Kpublisher_[m[Kâ€™ does not name a type; did you mean â€˜[01m[Krcl_publisher_t[m[Kâ€™?
[1.194s]    49 |   rclcpp::Publisher<std_msgs::msg::String>::SharedPtr [01;31m[Kpublisher_[m[K;
[1.194s]       |                                                       [01;31m[K^~~~~~~~~~[m[K
[1.195s]       |                                                       [32m[Krcl_publisher_t[m[K
[1.196s] [01m[K/home/hiroaki-k4/my_project/ros2/dev_ws/src/cpp_pubsub/src/publisher_member_function.cpp:[m[K In constructor â€˜[01m[KMinimalPublisher::MinimalPublisher()[m[Kâ€™:
[1.196s] [01m[K/home/hiroaki-k4/my_project/ros2/dev_ws/src/cpp_pubsub/src/publisher_member_function.cpp:35:5:[m[K [01;31m[Kerror: [m[Kâ€˜[01m[Kpublisher_[m[Kâ€™ was not declared in this scope; did you mean â€˜[01m[Krcl_publisher_t[m[Kâ€™?
[1.196s]    35 |     [01;31m[Kpublisher_[m[K = this->create_publisher<tutorial_interfaces::msg::Num>("topic", 10);    // CHANGE
[1.196s]       |     [01;31m[K^~~~~~~~~~[m[K
[1.196s]       |     [32m[Krcl_publisher_t[m[K
[1.209s] [01m[K/home/hiroaki-k4/my_project/ros2/dev_ws/src/cpp_pubsub/src/publisher_member_function.cpp:[m[K In member function â€˜[01m[Kvoid MinimalPublisher::timer_callback()[m[Kâ€™:
[1.209s] [01m[K/home/hiroaki-k4/my_project/ros2/dev_ws/src/cpp_pubsub/src/publisher_member_function.cpp:46:5:[m[K [01;31m[Kerror: [m[Kâ€˜[01m[Kpublisher_[m[Kâ€™ was not declared in this scope; did you mean â€˜[01m[Krcl_publisher_t[m[Kâ€™?
[1.209s]    46 |     [01;31m[Kpublisher_[m[K->publish(message);
[1.209s]       |     [01;31m[K^~~~~~~~~~[m[K
[1.209s]       |     [32m[Krcl_publisher_t[m[K
[1.624s] make[2]: *** [CMakeFiles/talker.dir/build.make:63: CMakeFiles/talker.dir/src/publisher_member_function.cpp.o] Error 1
[1.624s] make[1]: *** [CMakeFiles/Makefile2:107: CMakeFiles/talker.dir/all] Error 2
[1.624s] make: *** [Makefile:141: all] Error 2
[1.626s] Invoked command in '/home/hiroaki-k4/my_project/ros2/dev_ws/build/cpp_pubsub' returned '2': CMAKE_PREFIX_PATH=${CMAKE_PREFIX_PATH}:/opt/ros/foxy LD_LIBRARY_PATH=/home/hiroaki-k4/my_project/ros2/dev_ws/install/tutorial_interfaces/lib:/home/hiroaki-k4/my_project/ros2/dev_ws/install/turtlesim/lib:/usr/local/cuda-11.0/lib64:/opt/ros/foxy/opt/yaml_cpp_vendor/lib:/opt/ros/foxy/opt/rviz_ogre_vendor/lib:/opt/ros/foxy/lib/x86_64-linux-gnu:/opt/ros/foxy/lib:/usr/local/cuda-11.0/lib64 /usr/bin/cmake --build /home/hiroaki-k4/my_project/ros2/dev_ws/build/cpp_pubsub -- -j16 -l16
