[0.122s] Invoking command in '/home/hiroaki-k4/my_project/ros2/dev_ws/build/cpp_pubsub': CMAKE_PREFIX_PATH=${CMAKE_PREFIX_PATH}:/opt/ros/foxy LD_LIBRARY_PATH=/home/hiroaki-k4/my_project/ros2/dev_ws/install/tutorial_interfaces/lib:/home/hiroaki-k4/my_project/ros2/dev_ws/install/turtlesim/lib:/usr/local/cuda-11.0/lib64:/opt/ros/foxy/opt/yaml_cpp_vendor/lib:/opt/ros/foxy/opt/rviz_ogre_vendor/lib:/opt/ros/foxy/lib/x86_64-linux-gnu:/opt/ros/foxy/lib:/usr/local/cuda-11.0/lib64 /usr/bin/cmake --build /home/hiroaki-k4/my_project/ros2/dev_ws/build/cpp_pubsub -- -j16 -l16
[0.174s] -- Found ament_cmake: 0.9.8 (/opt/ros/foxy/share/ament_cmake/cmake)
[0.193s] -- Using PYTHON_EXECUTABLE: /usr/bin/python3
[1.271s] -- Found rclcpp: 2.3.0 (/opt/ros/foxy/share/rclcpp/cmake)
[1.524s] -- Using all available rosidl_typesupport_c: rosidl_typesupport_fastrtps_c;rosidl_typesupport_introspection_c
[1.528s] -- Found rosidl_adapter: 1.2.0 (/opt/ros/foxy/share/rosidl_adapter/cmake)
[1.641s] -- Using all available rosidl_typesupport_cpp: rosidl_typesupport_fastrtps_cpp;rosidl_typesupport_introspection_cpp
[1.738s] -- Found rmw_implementation_cmake: 1.0.2 (/opt/ros/foxy/share/rmw_implementation_cmake/cmake)
[1.749s] -- Using RMW implementation 'rmw_fastrtps_cpp' as default
[2.067s] -- Found tutorial_interfaces: 0.0.0 (/home/hiroaki-k4/my_project/ros2/dev_ws/install/tutorial_interfaces/share/tutorial_interfaces/cmake)
[2.121s] -- Configuring done
[2.134s] -- Generating done
[2.136s] -- Build files have been written to: /home/hiroaki-k4/my_project/ros2/dev_ws/build/cpp_pubsub
[2.176s] [35m[1mScanning dependencies of target listener[0m
[2.176s] [35m[1mScanning dependencies of target talker[0m
[2.203s] [ 25%] [32mBuilding CXX object CMakeFiles/listener.dir/src/subscriber_member_function.cpp.o[0m
[2.205s] [ 50%] [32mBuilding CXX object CMakeFiles/talker.dir/src/publisher_member_function.cpp.o[0m
[3.581s] [01m[K/home/hiroaki-k4/my_project/ros2/dev_ws/src/cpp_pubsub/src/publisher_member_function.cpp:48:21:[m[K [01;31m[Kerror: [m[Kâ€˜[01m[Kstd_msgs[m[Kâ€™ was not declared in this scope
[3.581s]    48 |   rclcpp::Publisher<[01;31m[Kstd_msgs[m[K::msg::String>::SharedPtr publisher_;
[3.581s]       |                     [01;31m[K^~~~~~~~[m[K
[3.581s] [01m[K/home/hiroaki-k4/my_project/ros2/dev_ws/src/cpp_pubsub/src/publisher_member_function.cpp:48:42:[m[K [01;31m[Kerror: [m[Ktemplate argument 1 is invalid
[3.581s]    48 |   rclcpp::Publisher<std_msgs::msg::String[01;31m[K>[m[K::SharedPtr publisher_;
[3.581s]       |                                          [01;31m[K^[m[K
[3.581s] [01m[K/home/hiroaki-k4/my_project/ros2/dev_ws/src/cpp_pubsub/src/publisher_member_function.cpp:48:45:[m[K [01;31m[Kerror: [m[Kexpected â€˜[01m[K;[m[Kâ€™ at end of member declaration
[3.581s]    48 |   rclcpp::Publisher<std_msgs::msg::String>::[01;31m[KSharedPtr[m[K publisher_;
[3.581s]       |                                             [01;31m[K^~~~~~~~~[m[K
[3.581s]       |                                                      [32m[K;[m[K
[3.582s] [01m[K/home/hiroaki-k4/my_project/ros2/dev_ws/src/cpp_pubsub/src/publisher_member_function.cpp:48:55:[m[K [01;31m[Kerror: [m[Kâ€˜[01m[Kpublisher_[m[Kâ€™ does not name a type; did you mean â€˜[01m[Krcl_publisher_t[m[Kâ€™?
[3.582s]    48 |   rclcpp::Publisher<std_msgs::msg::String>::SharedPtr [01;31m[Kpublisher_[m[K;
[3.582s]       |                                                       [01;31m[K^~~~~~~~~~[m[K
[3.582s]       |                                                       [32m[Krcl_publisher_t[m[K
[3.584s] [01m[K/home/hiroaki-k4/my_project/ros2/dev_ws/src/cpp_pubsub/src/publisher_member_function.cpp:[m[K In constructor â€˜[01m[KMinimalPublisher::MinimalPublisher()[m[Kâ€™:
[3.584s] [01m[K/home/hiroaki-k4/my_project/ros2/dev_ws/src/cpp_pubsub/src/publisher_member_function.cpp:34:5:[m[K [01;31m[Kerror: [m[Kâ€˜[01m[Kpublisher_[m[Kâ€™ was not declared in this scope; did you mean â€˜[01m[Krcl_publisher_t[m[Kâ€™?
[3.584s]    34 |     [01;31m[Kpublisher_[m[K = this->create_publisher<std_msgs::msg::String>("topic", 10);
[3.584s]       |     [01;31m[K^~~~~~~~~~[m[K
[3.584s]       |     [32m[Krcl_publisher_t[m[K
[3.585s] [01m[K/home/hiroaki-k4/my_project/ros2/dev_ws/src/cpp_pubsub/src/publisher_member_function.cpp:34:41:[m[K [01;31m[Kerror: [m[Kâ€˜[01m[Kstd_msgs[m[Kâ€™ was not declared in this scope
[3.585s]    34 |     publisher_ = this->create_publisher<[01;31m[Kstd_msgs[m[K::msg::String>("topic", 10);
[3.585s]       |                                         [01;31m[K^~~~~~~~[m[K
[3.585s] [01m[K/home/hiroaki-k4/my_project/ros2/dev_ws/src/cpp_pubsub/src/publisher_member_function.cpp:34:24:[m[K [01;31m[Kerror: [m[Kparse error in template argument list
[3.585s]    34 |     publisher_ = this->[01;31m[Kcreate_publisher<std_msgs::msg::String>[m[K("topic", 10);
[3.586s]       |                        [01;31m[K^~~~~~~~~~~~~~~~~~~~~~~~~~~~~~~~~~~~~~~[m[K
[3.586s] [01m[K/home/hiroaki-k4/my_project/ros2/dev_ws/src/cpp_pubsub/src/publisher_member_function.cpp:34:75:[m[K [01;31m[Kerror: [m[Kno matching function for call to â€˜[01m[KMinimalPublisher::create_publisher<<expression error> >(const char [6], int)[m[Kâ€™
[3.586s]    34 |     publisher_ = this->create_publisher<std_msgs::msg::String>("topic", 10[01;31m[K)[m[K;
[3.586s]       |                                                                           [01;31m[K^[m[K
[3.586s] In file included from [01m[K/opt/ros/foxy/include/rclcpp/executors/single_threaded_executor.hpp:28[m[K,
[3.586s]                  from [01m[K/opt/ros/foxy/include/rclcpp/executors.hpp:22[m[K,
[3.586s]                  from [01m[K/opt/ros/foxy/include/rclcpp/rclcpp.hpp:146[m[K,
[3.586s]                  from [01m[K/home/hiroaki-k4/my_project/ros2/dev_ws/src/cpp_pubsub/src/publisher_member_function.cpp:20[m[K:
[3.586s] [01m[K/opt/ros/foxy/include/rclcpp/node.hpp:184:3:[m[K [01;36m[Knote: [m[Kcandidate: â€˜[01m[Ktemplate<class MessageT, class AllocatorT, class PublisherT> std::shared_ptr<PublisherT> rclcpp::Node::create_publisher(const string&, const rclcpp::QoS&, const rclcpp::PublisherOptionsWithAllocator<AllocatorT>&)[m[Kâ€™
[3.586s]   184 |   [01;36m[Kcreate_publisher[m[K(
[3.586s]       |   [01;36m[K^~~~~~~~~~~~~~~~[m[K
[3.587s] [01m[K/opt/ros/foxy/include/rclcpp/node.hpp:184:3:[m[K [01;36m[Knote: [m[K  template argument deduction/substitution failed:
[3.587s] [01m[K/home/hiroaki-k4/my_project/ros2/dev_ws/src/cpp_pubsub/src/publisher_member_function.cpp:34:75:[m[K [01;31m[Kerror: [m[Ktemplate argument 1 is invalid
[3.587s]    34 |     publisher_ = this->create_publisher<std_msgs::msg::String>("topic", 10[01;31m[K)[m[K;
[3.587s]       |                                                                           [01;31m[K^[m[K
[3.596s] [01m[K/home/hiroaki-k4/my_project/ros2/dev_ws/src/cpp_pubsub/src/publisher_member_function.cpp:[m[K In member function â€˜[01m[Kvoid MinimalPublisher::timer_callback()[m[Kâ€™:
[3.596s] [01m[K/home/hiroaki-k4/my_project/ros2/dev_ws/src/cpp_pubsub/src/publisher_member_function.cpp:45:5:[m[K [01;31m[Kerror: [m[Kâ€˜[01m[Kpublisher_[m[Kâ€™ was not declared in this scope; did you mean â€˜[01m[Krcl_publisher_t[m[Kâ€™?
[3.596s]    45 |     [01;31m[Kpublisher_[m[K->publish(message);
[3.596s]       |     [01;31m[K^~~~~~~~~~[m[K
[3.596s]       |     [32m[Krcl_publisher_t[m[K
[3.869s] make[2]: *** [CMakeFiles/talker.dir/build.make:63: CMakeFiles/talker.dir/src/publisher_member_function.cpp.o] Error 1
[3.869s] make[1]: *** [CMakeFiles/Makefile2:107: CMakeFiles/talker.dir/all] Error 2
[3.869s] make[1]: *** Waiting for unfinished jobs....
[6.222s] [ 75%] [32m[1mLinking CXX executable listener[0m
[6.639s] [ 75%] Built target listener
[6.640s] make: *** [Makefile:141: all] Error 2
[6.642s] Invoked command in '/home/hiroaki-k4/my_project/ros2/dev_ws/build/cpp_pubsub' returned '2': CMAKE_PREFIX_PATH=${CMAKE_PREFIX_PATH}:/opt/ros/foxy LD_LIBRARY_PATH=/home/hiroaki-k4/my_project/ros2/dev_ws/install/tutorial_interfaces/lib:/home/hiroaki-k4/my_project/ros2/dev_ws/install/turtlesim/lib:/usr/local/cuda-11.0/lib64:/opt/ros/foxy/opt/yaml_cpp_vendor/lib:/opt/ros/foxy/opt/rviz_ogre_vendor/lib:/opt/ros/foxy/lib/x86_64-linux-gnu:/opt/ros/foxy/lib:/usr/local/cuda-11.0/lib64 /usr/bin/cmake --build /home/hiroaki-k4/my_project/ros2/dev_ws/build/cpp_pubsub -- -j16 -l16
